{
  "RSpec": {
    "coverage": {
      "/Users/mehmetucarucar/Desktop/makers/makers-projects/weekday-challanges/bookmark_manager/spec/bookmark_spec.rb": {
        "lines": [
          1,
          null,
          1,
          1,
          1,
          1,
          1,
          1,
          1,
          1,
          null,
          null,
          null
        ]
      },
      "/Users/mehmetucarucar/Desktop/makers/makers-projects/weekday-challanges/bookmark_manager/spec/features/view_bookmark_spec.rb": {
        "lines": [
          1,
          1,
          1,
          1,
          1,
          1,
          1,
          null,
          null,
          null
        ]
      }
    },
    "timestamp": 1641833098
  }
}
